Grammar

    0 $accept: json $end

    1 json: /* empty */
    2     | value

    3 value: object
    4      | STRING
    5      | DECIMAL
    6      | array
    7      | VTRUE
    8      | VFALSE
    9      | VNULL
   10      | VINF
   11      | VMINF

   12 object: LCURLY RCURLY
   13       | LCURLY members RCURLY

   14 members: member
   15        | members COMMA member

   16 member: STRING COLON value

   17 array: LBRAC RBRAC
   18      | LBRAC values RBRAC

   19 values: value
   20       | values COMMA value


Terminals, with rules where they appear

$end (0) 0
error (256)
LCURLY (258) 12 13
RCURLY (259) 12 13
LBRAC (260) 17 18
RBRAC (261) 17 18
COMMA (262) 15 20
COLON (263) 16
VTRUE (264) 7
VFALSE (265) 8
VNULL (266) 9
VINF (267) 10
VMINF (268) 11
STRING (269) 4 16
DECIMAL (270) 5


Nonterminals, with rules where they appear

$accept (16)
    on left: 0
json (17)
    on left: 1 2, on right: 0
value (18)
    on left: 3 4 5 6 7 8 9 10 11, on right: 2 16 19 20
object (19)
    on left: 12 13, on right: 3
members (20)
    on left: 14 15, on right: 13 15
member (21)
    on left: 16, on right: 14 15
array (22)
    on left: 17 18, on right: 6
values (23)
    on left: 19 20, on right: 18 20


State 0

    0 $accept: . json $end

    LCURLY   shift, and go to state 1
    LBRAC    shift, and go to state 2
    VTRUE    shift, and go to state 3
    VFALSE   shift, and go to state 4
    VNULL    shift, and go to state 5
    VINF     shift, and go to state 6
    VMINF    shift, and go to state 7
    STRING   shift, and go to state 8
    DECIMAL  shift, and go to state 9

    $default  reduce using rule 1 (json)

    json    go to state 10
    value   go to state 11
    object  go to state 12
    array   go to state 13


State 1

   12 object: LCURLY . RCURLY
   13       | LCURLY . members RCURLY

    RCURLY  shift, and go to state 14
    STRING  shift, and go to state 15

    members  go to state 16
    member   go to state 17


State 2

   17 array: LBRAC . RBRAC
   18      | LBRAC . values RBRAC

    LCURLY   shift, and go to state 1
    LBRAC    shift, and go to state 2
    RBRAC    shift, and go to state 18
    VTRUE    shift, and go to state 3
    VFALSE   shift, and go to state 4
    VNULL    shift, and go to state 5
    VINF     shift, and go to state 6
    VMINF    shift, and go to state 7
    STRING   shift, and go to state 8
    DECIMAL  shift, and go to state 9

    value   go to state 19
    object  go to state 12
    array   go to state 13
    values  go to state 20


State 3

    7 value: VTRUE .

    $default  reduce using rule 7 (value)


State 4

    8 value: VFALSE .

    $default  reduce using rule 8 (value)


State 5

    9 value: VNULL .

    $default  reduce using rule 9 (value)


State 6

   10 value: VINF .

    $default  reduce using rule 10 (value)


State 7

   11 value: VMINF .

    $default  reduce using rule 11 (value)


State 8

    4 value: STRING .

    $default  reduce using rule 4 (value)


State 9

    5 value: DECIMAL .

    $default  reduce using rule 5 (value)


State 10

    0 $accept: json . $end

    $end  shift, and go to state 21


State 11

    2 json: value .

    $default  reduce using rule 2 (json)


State 12

    3 value: object .

    $default  reduce using rule 3 (value)


State 13

    6 value: array .

    $default  reduce using rule 6 (value)


State 14

   12 object: LCURLY RCURLY .

    $default  reduce using rule 12 (object)


State 15

   16 member: STRING . COLON value

    COLON  shift, and go to state 22


State 16

   13 object: LCURLY members . RCURLY
   15 members: members . COMMA member

    RCURLY  shift, and go to state 23
    COMMA   shift, and go to state 24


State 17

   14 members: member .

    $default  reduce using rule 14 (members)


State 18

   17 array: LBRAC RBRAC .

    $default  reduce using rule 17 (array)


State 19

   19 values: value .

    $default  reduce using rule 19 (values)


State 20

   18 array: LBRAC values . RBRAC
   20 values: values . COMMA value

    RBRAC  shift, and go to state 25
    COMMA  shift, and go to state 26


State 21

    0 $accept: json $end .

    $default  accept


State 22

   16 member: STRING COLON . value

    LCURLY   shift, and go to state 1
    LBRAC    shift, and go to state 2
    VTRUE    shift, and go to state 3
    VFALSE   shift, and go to state 4
    VNULL    shift, and go to state 5
    VINF     shift, and go to state 6
    VMINF    shift, and go to state 7
    STRING   shift, and go to state 8
    DECIMAL  shift, and go to state 9

    value   go to state 27
    object  go to state 12
    array   go to state 13


State 23

   13 object: LCURLY members RCURLY .

    $default  reduce using rule 13 (object)


State 24

   15 members: members COMMA . member

    STRING  shift, and go to state 15

    member  go to state 28


State 25

   18 array: LBRAC values RBRAC .

    $default  reduce using rule 18 (array)


State 26

   20 values: values COMMA . value

    LCURLY   shift, and go to state 1
    LBRAC    shift, and go to state 2
    VTRUE    shift, and go to state 3
    VFALSE   shift, and go to state 4
    VNULL    shift, and go to state 5
    VINF     shift, and go to state 6
    VMINF    shift, and go to state 7
    STRING   shift, and go to state 8
    DECIMAL  shift, and go to state 9

    value   go to state 29
    object  go to state 12
    array   go to state 13


State 27

   16 member: STRING COLON value .

    $default  reduce using rule 16 (member)


State 28

   15 members: members COMMA member .

    $default  reduce using rule 15 (members)


State 29

   20 values: values COMMA value .

    $default  reduce using rule 20 (values)
